Vivado Simulator v2023.2
Copyright 1986-2022 Xilinx, Inc. All Rights Reserved.
Copyright 2022-2023 Advanced Micro Devices, Inc. All Rights Reserved.
Running: C:/Xilinx/Vivado/2023.2/bin/unwrapped/win64.o/xelab.exe --debug typical --relax --mt 2 -L xil_defaultlib -L blk_mem_gen_v8_4_7 -L unisims_ver -L unimacro_ver -L secureip -L xpm --snapshot tb_vga_buffer_behav xil_defaultlib.tb_vga_buffer xil_defaultlib.glbl -log elaborate.log 
Using 2 slave threads.
Starting static elaboration
Pass Through NonSizing Optimizer
Completed static elaboration
Starting simulation data flow analysis
Completed simulation data flow analysis
Time Resolution for simulation is 1ps
Compiling package std.standard
Compiling package std.textio
Compiling package ieee.std_logic_1164
Compiling package ieee.numeric_std
Compiling package vl.vl_types
Compiling module xil_defaultlib.glbl
Compiling module blk_mem_gen_v8_4_7.blk_mem_gen_v8_4_7_output_stage(...
Compiling module blk_mem_gen_v8_4_7.blk_mem_gen_v8_4_7_output_stage(...
Compiling module blk_mem_gen_v8_4_7.blk_mem_gen_v8_4_7_softecc_outpu...
Compiling module blk_mem_gen_v8_4_7.blk_mem_gen_v8_4_7_mem_module(C_...
Compiling module blk_mem_gen_v8_4_7.blk_mem_axi_regs_fwd_v8_4(C_DATA...
Compiling module blk_mem_gen_v8_4_7.blk_mem_gen_v8_4_7(C_FAMILY="art...
Compiling module xil_defaultlib.frame_buffer
Compiling architecture behavioral of entity xil_defaultlib.vga_buffer [vga_buffer_default]
Compiling architecture behavior of entity xil_defaultlib.tb_vga_buffer
Built simulation snapshot tb_vga_buffer_behav
