
*** Running vivado
    with args -log top_final_project.vds -m64 -product Vivado -mode batch -messageDb vivado.pb -notrace -source top_final_project.tcl


ECHO ist ausgeschaltet (OFF).
ECHO ist ausgeschaltet (OFF).

****** Vivado v2023.2 (64-bit)
  **** SW Build 4029153 on Fri Oct 13 20:14:34 MDT 2023
  **** IP Build 4028589 on Sat Oct 14 00:45:43 MDT 2023
  **** SharedData Build 4025554 on Tue Oct 10 17:18:54 MDT 2023
    ** Copyright 1986-2022 Xilinx, Inc. All Rights Reserved.
    ** Copyright 2022-2023 Advanced Micro Devices, Inc. All Rights Reserved.

source top_final_project.tcl -notrace
create_project: Time (s): cpu = 00:00:08 ; elapsed = 00:00:11 . Memory (MB): peak = 495.340 ; gain = 216.836
Command: read_checkpoint -auto_incremental -incremental C:/Users/hensl/OneDrive/Dokumente/RES/final_project_v1/final_project_v1.srcs/utils_1/imports/synth_1/top_final_project.dcp
INFO: [Vivado 12-5825] Read reference checkpoint from C:/Users/hensl/OneDrive/Dokumente/RES/final_project_v1/final_project_v1.srcs/utils_1/imports/synth_1/top_final_project.dcp for incremental synthesis
INFO: [Vivado 12-7989] Please ensure there are no constraint changes
Command: synth_design -top top_final_project -part xc7a35tcpg236-1
Starting synth_design
Attempting to get a license for feature 'Synthesis' and/or device 'xc7a35t'
INFO: [Common 17-349] Got license for feature 'Synthesis' and/or device 'xc7a35t'
INFO: [Device 21-403] Loading part xc7a35tcpg236-1
INFO: [Designutils 20-5440] No compile time benefit to using incremental synthesis; A full resynthesis will be run
INFO: [Designutils 20-4379] Flow is switching to default flow due to incremental criteria not met. If you would like to alter this behaviour and have the flow terminate instead, please set the following parameter config_implementation {autoIncr.Synth.RejectBehavior Terminate}
INFO: [Synth 8-7079] Multithreading enabled for synth_design using a maximum of 2 processes.
INFO: [Synth 8-7078] Launching helper process for spawning children vivado processes
INFO: [Synth 8-7075] Helper process launched with PID 11576
---------------------------------------------------------------------------------
Starting RTL Elaboration : Time (s): cpu = 00:00:06 ; elapsed = 00:00:09 . Memory (MB): peak = 1359.699 ; gain = 439.473
---------------------------------------------------------------------------------
WARNING: [Synth 8-9112] actual for formal port 'probe0' is neither a static name nor a globally static expression [C:/Users/hensl/OneDrive/Dokumente/RES/final_project_v1/final_project_v1.srcs/sources_1/new/top_final_project.vhd:225]
WARNING: [Synth 8-9112] actual for formal port 'probe1' is neither a static name nor a globally static expression [C:/Users/hensl/OneDrive/Dokumente/RES/final_project_v1/final_project_v1.srcs/sources_1/new/top_final_project.vhd:226]
WARNING: [Synth 8-9112] actual for formal port 'probe2' is neither a static name nor a globally static expression [C:/Users/hensl/OneDrive/Dokumente/RES/final_project_v1/final_project_v1.srcs/sources_1/new/top_final_project.vhd:227]
WARNING: [Synth 8-9112] actual for formal port 'probe4' is neither a static name nor a globally static expression [C:/Users/hensl/OneDrive/Dokumente/RES/final_project_v1/final_project_v1.srcs/sources_1/new/top_final_project.vhd:229]
INFO: [Synth 8-638] synthesizing module 'top_final_project' [C:/Users/hensl/OneDrive/Dokumente/RES/final_project_v1/final_project_v1.srcs/sources_1/new/top_final_project.vhd:53]
	Parameter DRIVE bound to: 12 - type: integer 
	Parameter IOSTANDARD bound to: DEFAULT - type: string 
	Parameter SLEW bound to: FAST - type: string 
INFO: [Synth 8-113] binding component instance 'IOBUF_inst1' to cell 'IOBUF' [C:/Users/hensl/OneDrive/Dokumente/RES/final_project_v1/final_project_v1.srcs/sources_1/new/top_final_project.vhd:125]
	Parameter DRIVE bound to: 12 - type: integer 
	Parameter IOSTANDARD bound to: DEFAULT - type: string 
	Parameter SLEW bound to: FAST - type: string 
INFO: [Synth 8-113] binding component instance 'IOBUF_inst2' to cell 'IOBUF' [C:/Users/hensl/OneDrive/Dokumente/RES/final_project_v1/final_project_v1.srcs/sources_1/new/top_final_project.vhd:137]
INFO: [Synth 8-638] synthesizing module 'clk_wiz_0' [C:/Users/hensl/OneDrive/Dokumente/RES/final_project_v1/final_project_v1.runs/synth_1/.Xil/Vivado-12144-Orcadron/realtime/clk_wiz_0_stub.vhdl:16]
WARNING: [Synth 8-614] signal 'sccb_regConfig_r' is read in the process but is not in the sensitivity list [C:/Users/hensl/OneDrive/Dokumente/RES/final_project_v1/final_project_v1.srcs/sources_1/new/top_final_project.vhd:168]
WARNING: [Synth 8-614] signal 'sccb_regAddress_r' is read in the process but is not in the sensitivity list [C:/Users/hensl/OneDrive/Dokumente/RES/final_project_v1/final_project_v1.srcs/sources_1/new/top_final_project.vhd:168]
WARNING: [Synth 8-614] signal 'sccb_regConfig1_r' is read in the process but is not in the sensitivity list [C:/Users/hensl/OneDrive/Dokumente/RES/final_project_v1/final_project_v1.srcs/sources_1/new/top_final_project.vhd:168]
WARNING: [Synth 8-614] signal 'sccb_regAddress1_r' is read in the process but is not in the sensitivity list [C:/Users/hensl/OneDrive/Dokumente/RES/final_project_v1/final_project_v1.srcs/sources_1/new/top_final_project.vhd:168]
WARNING: [Synth 8-614] signal 'sccb_regConfig2_r' is read in the process but is not in the sensitivity list [C:/Users/hensl/OneDrive/Dokumente/RES/final_project_v1/final_project_v1.srcs/sources_1/new/top_final_project.vhd:168]
WARNING: [Synth 8-614] signal 'sccb_regAddress2_r' is read in the process but is not in the sensitivity list [C:/Users/hensl/OneDrive/Dokumente/RES/final_project_v1/final_project_v1.srcs/sources_1/new/top_final_project.vhd:168]
INFO: [Synth 8-638] synthesizing module 'i2c_controler' [C:/Users/hensl/OneDrive/Dokumente/RES/final_project_v1/final_project_v1.srcs/sources_1/new/i2c_controler.vhd:50]
INFO: [Synth 8-256] done synthesizing module 'i2c_controler' (0#1) [C:/Users/hensl/OneDrive/Dokumente/RES/final_project_v1/final_project_v1.srcs/sources_1/new/i2c_controler.vhd:50]
INFO: [Synth 8-3491] module 'ila_cam' declared at 'C:/Users/hensl/OneDrive/Dokumente/RES/final_project_v1/final_project_v1.runs/synth_1/.Xil/Vivado-12144-Orcadron/realtime/ila_cam_stub.vhdl:6' bound to instance 'ila_cam_inst' of component 'ila_cam' [C:/Users/hensl/OneDrive/Dokumente/RES/final_project_v1/final_project_v1.srcs/sources_1/new/top_final_project.vhd:222]
INFO: [Synth 8-638] synthesizing module 'ila_cam' [C:/Users/hensl/OneDrive/Dokumente/RES/final_project_v1/final_project_v1.runs/synth_1/.Xil/Vivado-12144-Orcadron/realtime/ila_cam_stub.vhdl:18]
INFO: [Synth 8-638] synthesizing module 'vga_buffer' [C:/Users/hensl/OneDrive/Dokumente/RES/final_project_v1/final_project_v1.srcs/sources_1/new/vga_buffer.vhd:17]
INFO: [Synth 8-638] synthesizing module 'dual_port_ram' [C:/Users/hensl/OneDrive/Dokumente/RES/final_project_v1/final_project_v1.srcs/sources_1/new/dual_ram.vhd:18]
INFO: [Synth 8-256] done synthesizing module 'dual_port_ram' (0#1) [C:/Users/hensl/OneDrive/Dokumente/RES/final_project_v1/final_project_v1.srcs/sources_1/new/dual_ram.vhd:18]
INFO: [Synth 8-3491] module 'hsynch' declared at 'C:/Users/hensl/OneDrive/Dokumente/RES/final_project_v1/final_project_v1.srcs/sources_1/imports/new/hsynch.vhd:13' bound to instance 'HSYNCH_inst' of component 'hsynch' [C:/Users/hensl/OneDrive/Dokumente/RES/final_project_v1/final_project_v1.srcs/sources_1/new/vga_buffer.vhd:74]
INFO: [Synth 8-638] synthesizing module 'hsynch' [C:/Users/hensl/OneDrive/Dokumente/RES/final_project_v1/final_project_v1.srcs/sources_1/imports/new/hsynch.vhd:23]
INFO: [Synth 8-256] done synthesizing module 'hsynch' (0#1) [C:/Users/hensl/OneDrive/Dokumente/RES/final_project_v1/final_project_v1.srcs/sources_1/imports/new/hsynch.vhd:23]
INFO: [Synth 8-3491] module 'vsynch' declared at 'C:/Users/hensl/OneDrive/Dokumente/RES/final_project_v1/final_project_v1.srcs/sources_1/imports/new/vsynch.vhd:10' bound to instance 'VSYNCH_inst' of component 'vsynch' [C:/Users/hensl/OneDrive/Dokumente/RES/final_project_v1/final_project_v1.srcs/sources_1/new/vga_buffer.vhd:85]
INFO: [Synth 8-638] synthesizing module 'vsynch' [C:/Users/hensl/OneDrive/Dokumente/RES/final_project_v1/final_project_v1.srcs/sources_1/imports/new/vsynch.vhd:19]
INFO: [Synth 8-256] done synthesizing module 'vsynch' (0#1) [C:/Users/hensl/OneDrive/Dokumente/RES/final_project_v1/final_project_v1.srcs/sources_1/imports/new/vsynch.vhd:19]
WARNING: [Synth 8-614] signal 'row_cnt' is read in the process but is not in the sensitivity list [C:/Users/hensl/OneDrive/Dokumente/RES/final_project_v1/final_project_v1.srcs/sources_1/new/vga_buffer.vhd:118]
WARNING: [Synth 8-614] signal 'hpixel_count' is read in the process but is not in the sensitivity list [C:/Users/hensl/OneDrive/Dokumente/RES/final_project_v1/final_project_v1.srcs/sources_1/new/vga_buffer.vhd:143]
WARNING: [Synth 8-614] signal 'vpixel_count' is read in the process but is not in the sensitivity list [C:/Users/hensl/OneDrive/Dokumente/RES/final_project_v1/final_project_v1.srcs/sources_1/new/vga_buffer.vhd:143]
WARNING: [Synth 8-614] signal 'd_vga' is read in the process but is not in the sensitivity list [C:/Users/hensl/OneDrive/Dokumente/RES/final_project_v1/final_project_v1.srcs/sources_1/new/vga_buffer.vhd:143]
INFO: [Synth 8-256] done synthesizing module 'vga_buffer' (0#1) [C:/Users/hensl/OneDrive/Dokumente/RES/final_project_v1/final_project_v1.srcs/sources_1/new/vga_buffer.vhd:17]
INFO: [Synth 8-256] done synthesizing module 'top_final_project' (0#1) [C:/Users/hensl/OneDrive/Dokumente/RES/final_project_v1/final_project_v1.srcs/sources_1/new/top_final_project.vhd:53]
INFO: [Synth 8-6071] Mark debug on the nets applies keep_hierarchy on instance 'vga_buffer_inst'. This will prevent further optimization [C:/Users/hensl/OneDrive/Dokumente/RES/final_project_v1/final_project_v1.srcs/sources_1/new/top_final_project.vhd:235]
INFO: [Synth 8-6071] Mark debug on the nets applies keep_hierarchy on instance 'i2c_controler_inst'. This will prevent further optimization [C:/Users/hensl/OneDrive/Dokumente/RES/final_project_v1/final_project_v1.srcs/sources_1/new/top_final_project.vhd:188]
INFO: [Synth 8-6071] Mark debug on the nets applies keep_hierarchy on instance 'clock_gen_inst'. This will prevent further optimization [C:/Users/hensl/OneDrive/Dokumente/RES/final_project_v1/final_project_v1.srcs/sources_1/new/top_final_project.vhd:151]
WARNING: [Synth 8-3848] Net dataSelectionControlLed_o in module/entity top_final_project does not have driver. [C:/Users/hensl/OneDrive/Dokumente/RES/final_project_v1/final_project_v1.srcs/sources_1/new/top_final_project.vhd:49]
WARNING: [Synth 8-3917] design top_final_project has port cam_pwdn_o driven by constant 0
WARNING: [Synth 8-3917] design top_final_project has port debug_o driven by constant 0
WARNING: [Synth 8-7129] Port dataSelectionControlLed_o in module top_final_project is either unconnected or has no load
---------------------------------------------------------------------------------
Finished RTL Elaboration : Time (s): cpu = 00:00:09 ; elapsed = 00:00:13 . Memory (MB): peak = 1547.219 ; gain = 626.992
---------------------------------------------------------------------------------
---------------------------------------------------------------------------------
Start Handling Custom Attributes
---------------------------------------------------------------------------------
---------------------------------------------------------------------------------
Finished Handling Custom Attributes : Time (s): cpu = 00:00:09 ; elapsed = 00:00:13 . Memory (MB): peak = 1547.219 ; gain = 626.992
---------------------------------------------------------------------------------
---------------------------------------------------------------------------------
Finished RTL Optimization Phase 1 : Time (s): cpu = 00:00:09 ; elapsed = 00:00:13 . Memory (MB): peak = 1547.219 ; gain = 626.992
---------------------------------------------------------------------------------
Netlist sorting complete. Time (s): cpu = 00:00:01 ; elapsed = 00:00:00.013 . Memory (MB): peak = 1547.219 ; gain = 0.000
INFO: [Netlist 29-17] Analyzing 2 Unisim elements for replacement
INFO: [Netlist 29-28] Unisim Transformation completed in 0 CPU seconds
INFO: [Project 1-570] Preparing netlist for logic optimization

Processing XDC Constraints
Initializing timing engine
Parsing XDC File [c:/Users/hensl/OneDrive/Dokumente/RES/final_project_v1/final_project_v1.gen/sources_1/ip/clk_wiz_0/clk_wiz_0/clk_wiz_0_in_context.xdc] for cell 'clock_gen_inst'
Finished Parsing XDC File [c:/Users/hensl/OneDrive/Dokumente/RES/final_project_v1/final_project_v1.gen/sources_1/ip/clk_wiz_0/clk_wiz_0/clk_wiz_0_in_context.xdc] for cell 'clock_gen_inst'
Parsing XDC File [c:/Users/hensl/OneDrive/Dokumente/RES/final_project_v1/final_project_v1.gen/sources_1/ip/ila_cam/ila_cam/ila_cam_in_context.xdc] for cell 'ila_cam_inst'
Finished Parsing XDC File [c:/Users/hensl/OneDrive/Dokumente/RES/final_project_v1/final_project_v1.gen/sources_1/ip/ila_cam/ila_cam/ila_cam_in_context.xdc] for cell 'ila_cam_inst'
Parsing XDC File [C:/Users/hensl/OneDrive/Dokumente/RES/final_project_v1/final_project_v1.srcs/constrs_1/imports/Downloads/Basys-3-Master.xdc]
Finished Parsing XDC File [C:/Users/hensl/OneDrive/Dokumente/RES/final_project_v1/final_project_v1.srcs/constrs_1/imports/Downloads/Basys-3-Master.xdc]
INFO: [Project 1-236] Implementation specific constraints were found while reading constraint file [C:/Users/hensl/OneDrive/Dokumente/RES/final_project_v1/final_project_v1.srcs/constrs_1/imports/Downloads/Basys-3-Master.xdc]. These constraints will be ignored for synthesis but will be used in implementation. Impacted constraints are listed in the file [.Xil/top_final_project_propImpl.xdc].
Resolution: To avoid this warning, move constraints listed in [.Xil/top_final_project_propImpl.xdc] to another XDC file and exclude this new file from synthesis with the used_in_synthesis property (File Properties dialog in GUI) and re-run elaboration/synthesis.
Parsing XDC File [C:/Users/hensl/OneDrive/Dokumente/RES/final_project_v1/final_project_v1.runs/synth_1/dont_touch.xdc]
Finished Parsing XDC File [C:/Users/hensl/OneDrive/Dokumente/RES/final_project_v1/final_project_v1.runs/synth_1/dont_touch.xdc]
Completed Processing XDC Constraints

Netlist sorting complete. Time (s): cpu = 00:00:00 ; elapsed = 00:00:00 . Memory (MB): peak = 1619.508 ; gain = 0.000
INFO: [Project 1-111] Unisim Transformation Summary:
  A total of 2 instances were transformed.
  IOBUF => IOBUF (IBUF, OBUFT): 2 instances

Das System kann den angegebenen Pfad nicht finden.
Constraint Validation Runtime : Time (s): cpu = 00:00:00 ; elapsed = 00:00:00.006 . Memory (MB): peak = 1619.508 ; gain = 0.000
INFO: [Designutils 20-5440] No compile time benefit to using incremental synthesis; A full resynthesis will be run
INFO: [Designutils 20-4379] Flow is switching to default flow due to incremental criteria not met. If you would like to alter this behaviour and have the flow terminate instead, please set the following parameter config_implementation {autoIncr.Synth.RejectBehavior Terminate}
---------------------------------------------------------------------------------
Finished Constraint Validation : Time (s): cpu = 00:00:18 ; elapsed = 00:00:25 . Memory (MB): peak = 1619.508 ; gain = 699.281
---------------------------------------------------------------------------------
---------------------------------------------------------------------------------
Start Loading Part and Timing Information
---------------------------------------------------------------------------------
Loading part: xc7a35tcpg236-1
---------------------------------------------------------------------------------
Finished Loading Part and Timing Information : Time (s): cpu = 00:00:18 ; elapsed = 00:00:25 . Memory (MB): peak = 1619.508 ; gain = 699.281
---------------------------------------------------------------------------------
---------------------------------------------------------------------------------
Start Applying 'set_property' XDC Constraints
---------------------------------------------------------------------------------
Applied set_property IO_BUFFER_TYPE = NONE for clk_100MHz_i. (constraint file  c:/Users/hensl/OneDrive/Dokumente/RES/final_project_v1/final_project_v1.gen/sources_1/ip/clk_wiz_0/clk_wiz_0/clk_wiz_0_in_context.xdc, line 3).
Applied set_property CLOCK_BUFFER_TYPE = NONE for clk_100MHz_i. (constraint file  c:/Users/hensl/OneDrive/Dokumente/RES/final_project_v1/final_project_v1.gen/sources_1/ip/clk_wiz_0/clk_wiz_0/clk_wiz_0_in_context.xdc, line 4).
Applied set_property KEEP_HIERARCHY = SOFT for clock_gen_inst. (constraint file  auto generated constraint).
Applied set_property KEEP_HIERARCHY = SOFT for ila_cam_inst. (constraint file  auto generated constraint).
---------------------------------------------------------------------------------
Finished applying 'set_property' XDC Constraints : Time (s): cpu = 00:00:18 ; elapsed = 00:00:25 . Memory (MB): peak = 1619.508 ; gain = 699.281
---------------------------------------------------------------------------------
INFO: [Synth 8-802] inferred FSM for state register 'state_var_r_reg' in module 'i2c_controler'
---------------------------------------------------------------------------------------------------
                   State |                     New Encoding |                Previous Encoding 
---------------------------------------------------------------------------------------------------
              state_idle |                             0000 |                             0000
         state_startcond |                             0001 |                             0001
state_transmitdeviceaddr |                             0010 |                             0010
              state_ack1 |                             0011 |                             0011
   state_transmitregaddr |                             0100 |                             0100
              state_ack2 |                             0101 |                             0101
 state_transmitregconfig |                             0110 |                             0110
              state_ack3 |                             0111 |                             0111
          state_stopcond |                             1000 |                             1000
---------------------------------------------------------------------------------------------------
INFO: [Synth 8-3354] encoded FSM with state register 'state_var_r_reg' using encoding 'sequential' in module 'i2c_controler'
WARNING: [Synth 8-327] inferring latch for variable 'hdisplay_out_reg' [C:/Users/hensl/OneDrive/Dokumente/RES/final_project_v1/final_project_v1.srcs/sources_1/imports/new/hsynch.vhd:72]
WARNING: [Synth 8-327] inferring latch for variable 'hsynch_out_reg' [C:/Users/hensl/OneDrive/Dokumente/RES/final_project_v1/final_project_v1.srcs/sources_1/imports/new/hsynch.vhd:82]
WARNING: [Synth 8-327] inferring latch for variable 'vdisplay_out_reg' [C:/Users/hensl/OneDrive/Dokumente/RES/final_project_v1/final_project_v1.srcs/sources_1/imports/new/vsynch.vhd:67]
WARNING: [Synth 8-327] inferring latch for variable 'vsynch_out_reg' [C:/Users/hensl/OneDrive/Dokumente/RES/final_project_v1/final_project_v1.srcs/sources_1/imports/new/vsynch.vhd:77]
WARNING: [Synth 8-327] inferring latch for variable 'rd_addr_vga_reg' [C:/Users/hensl/OneDrive/Dokumente/RES/final_project_v1/final_project_v1.srcs/sources_1/new/vga_buffer.vhd:69]
---------------------------------------------------------------------------------
Finished RTL Optimization Phase 2 : Time (s): cpu = 00:00:20 ; elapsed = 00:00:27 . Memory (MB): peak = 1619.508 ; gain = 699.281
---------------------------------------------------------------------------------
---------------------------------------------------------------------------------
Start RTL Component Statistics 
---------------------------------------------------------------------------------
Detailed RTL Component Info : 
+---Adders : 
	   2 Input   32 Bit       Adders := 2     
	   2 Input   31 Bit       Adders := 1     
	   2 Input   21 Bit       Adders := 1     
	   2 Input   18 Bit       Adders := 1     
	   2 Input    6 Bit       Adders := 1     
	   2 Input    4 Bit       Adders := 1     
	   2 Input    2 Bit       Adders := 1     
+---Registers : 
	               32 Bit    Registers := 2     
	               21 Bit    Registers := 1     
	               18 Bit    Registers := 1     
	                8 Bit    Registers := 1     
	                6 Bit    Registers := 1     
	                4 Bit    Registers := 1     
	                2 Bit    Registers := 1     
	                1 Bit    Registers := 16    
+---RAMs : 
	            1200K Bit	(153600 X 8 bit)          RAMs := 1     
+---Muxes : 
	   5 Input   32 Bit        Muxes := 2     
	   2 Input   31 Bit        Muxes := 1     
	   2 Input   21 Bit        Muxes := 1     
	   2 Input   18 Bit        Muxes := 1     
	   2 Input   15 Bit        Muxes := 1     
	   4 Input   15 Bit        Muxes := 1     
	   2 Input   12 Bit        Muxes := 1     
	   2 Input    4 Bit        Muxes := 17    
	   9 Input    4 Bit        Muxes := 2     
	   5 Input    3 Bit        Muxes := 2     
	   2 Input    2 Bit        Muxes := 1     
	   3 Input    2 Bit        Muxes := 2     
	   2 Input    1 Bit        Muxes := 17    
	   9 Input    1 Bit        Muxes := 7     
	   3 Input    1 Bit        Muxes := 4     
	   4 Input    1 Bit        Muxes := 3     
---------------------------------------------------------------------------------
Finished RTL Component Statistics 
---------------------------------------------------------------------------------
---------------------------------------------------------------------------------
Start Part Resource Summary
---------------------------------------------------------------------------------
Part Resources:
DSPs: 90 (col length:60)
BRAMs: 100 (col length: RAMB18 60 RAMB36 30)
---------------------------------------------------------------------------------
Finished Part Resource Summary
---------------------------------------------------------------------------------
---------------------------------------------------------------------------------
Start Cross Boundary and Area Optimization
---------------------------------------------------------------------------------
WARNING: [Synth 8-7080] Parallel synthesis criteria is not met
DSP Report: Generating DSP rd_addr_vga0, operation Mode is: C+A2*(B:0x140).
DSP Report: register VSYNCH_inst/count_reg is absorbed into DSP rd_addr_vga0.
DSP Report: operator rd_addr_vga0 is absorbed into DSP rd_addr_vga0.
DSP Report: operator rd_addr_vga1 is absorbed into DSP rd_addr_vga0.
WARNING: [Synth 8-3917] design top_final_project has port cam_pwdn_o driven by constant 0
WARNING: [Synth 8-3917] design top_final_project has port debug_o driven by constant 0
WARNING: [Synth 8-7129] Port dataSelectionControlLed_o in module top_final_project is either unconnected or has no load
WARNING: [Synth 8-3332] Sequential element (dual_port_ram_inst/RAM_reg_mux_sel_a_pos_1) is unused and will be removed from module vga_buffer.
WARNING: [Synth 8-3332] Sequential element (dual_port_ram_inst/RAM_reg_mux_sel_a_pos_1__0) is unused and will be removed from module vga_buffer.
WARNING: [Synth 8-3332] Sequential element (dual_port_ram_inst/RAM_reg_mux_sel_a_pos_1__1) is unused and will be removed from module vga_buffer.
WARNING: [Synth 8-3332] Sequential element (dual_port_ram_inst/RAM_reg_mux_sel_a_pos_1__2) is unused and will be removed from module vga_buffer.
WARNING: [Synth 8-3332] Sequential element (dual_port_ram_inst/RAM_reg_mux_sel_a_pos_1__3) is unused and will be removed from module vga_buffer.
WARNING: [Synth 8-3332] Sequential element (dual_port_ram_inst/RAM_reg_mux_sel_a_pos_1__4) is unused and will be removed from module vga_buffer.
WARNING: [Synth 8-3332] Sequential element (dual_port_ram_inst/RAM_reg_mux_sel_a_pos_1__5) is unused and will be removed from module vga_buffer.
WARNING: [Synth 8-3332] Sequential element (dual_port_ram_inst/RAM_reg_mux_sel_a_pos_1__6) is unused and will be removed from module vga_buffer.
WARNING: [Synth 8-3332] Sequential element (dual_port_ram_inst/RAM_reg_mux_sel_a_pos_1__7) is unused and will be removed from module vga_buffer.
WARNING: [Synth 8-3332] Sequential element (dual_port_ram_inst/RAM_reg_mux_sel_a_pos_1__8) is unused and will be removed from module vga_buffer.
WARNING: [Synth 8-3332] Sequential element (dual_port_ram_inst/RAM_reg_mux_sel_a_pos_1__9) is unused and will be removed from module vga_buffer.
WARNING: [Synth 8-3332] Sequential element (dual_port_ram_inst/RAM_reg_mux_sel_a_pos_1__10) is unused and will be removed from module vga_buffer.
WARNING: [Synth 8-3332] Sequential element (dual_port_ram_inst/RAM_reg_mux_sel_a_pos_1__11) is unused and will be removed from module vga_buffer.
WARNING: [Synth 8-3332] Sequential element (dual_port_ram_inst/RAM_reg_mux_sel_a_pos_1__12) is unused and will be removed from module vga_buffer.
WARNING: [Synth 8-3332] Sequential element (dual_port_ram_inst/RAM_reg_mux_sel_a_pos_1__13) is unused and will be removed from module vga_buffer.
WARNING: [Synth 8-3332] Sequential element (dual_port_ram_inst/RAM_reg_mux_sel_a_pos_1__14) is unused and will be removed from module vga_buffer.
WARNING: [Synth 8-3332] Sequential element (dual_port_ram_inst/RAM_reg_mux_sel_a_pos_2) is unused and will be removed from module vga_buffer.
WARNING: [Synth 8-3332] Sequential element (dual_port_ram_inst/RAM_reg_mux_sel_a_pos_2__0) is unused and will be removed from module vga_buffer.
WARNING: [Synth 8-3332] Sequential element (dual_port_ram_inst/RAM_reg_mux_sel_a_pos_2__1) is unused and will be removed from module vga_buffer.
WARNING: [Synth 8-3332] Sequential element (dual_port_ram_inst/RAM_reg_mux_sel_a_pos_2__2) is unused and will be removed from module vga_buffer.
WARNING: [Synth 8-3332] Sequential element (dual_port_ram_inst/RAM_reg_mux_sel_a_pos_2__3) is unused and will be removed from module vga_buffer.
WARNING: [Synth 8-3332] Sequential element (dual_port_ram_inst/RAM_reg_mux_sel_a_pos_2__4) is unused and will be removed from module vga_buffer.
WARNING: [Synth 8-3332] Sequential element (dual_port_ram_inst/RAM_reg_mux_sel_a_pos_2__5) is unused and will be removed from module vga_buffer.
WARNING: [Synth 8-3332] Sequential element (dual_port_ram_inst/RAM_reg_mux_sel_a_pos_2__6) is unused and will be removed from module vga_buffer.
WARNING: [Synth 8-3332] Sequential element (HSYNCH_inst/hdisplay_out_reg) is unused and will be removed from module vga_buffer.
WARNING: [Synth 8-3332] Sequential element (VSYNCH_inst/vdisplay_out_reg) is unused and will be removed from module vga_buffer.
---------------------------------------------------------------------------------
Finished Cross Boundary and Area Optimization : Time (s): cpu = 00:00:24 ; elapsed = 00:00:34 . Memory (MB): peak = 1619.508 ; gain = 699.281
---------------------------------------------------------------------------------
 Sort Area is  rd_addr_vga0_0 : 0 0 : 252 252 : Used 1 time 0
---------------------------------------------------------------------------------
Start ROM, RAM, DSP, Shift Register and Retiming Reporting
---------------------------------------------------------------------------------

Block RAM: Preliminary Mapping Report (see note below)
+----------------+----------------------------+------------------------+---+---+------------------------+---+---+------------------+--------+--------+
|Module Name     | RTL Object                 | PORT A (Depth x Width) | W | R | PORT B (Depth x Width) | W | R | Ports driving FF | RAMB18 | RAMB36 | 
+----------------+----------------------------+------------------------+---+---+------------------------+---+---+------------------+--------+--------+
|vga_buffer_inst | dual_port_ram_inst/RAM_reg | 150 K x 8(READ_FIRST)  | W |   | 150 K x 8(WRITE_FIRST) |   | R | Port A and B     | 0      | 40     | 
+----------------+----------------------------+------------------------+---+---+------------------------+---+---+------------------+--------+--------+

Note: The table above is a preliminary report that shows the Block RAMs at the current stage of the synthesis flow. Some Block RAMs may be reimplemented as non Block RAM primitives later in the synthesis flow. Multiple instantiated Block RAMs are reported only once. 

DSP: Preliminary Mapping Report (see note below. The ' indicates corresponding REG is set)
+------------+----------------+--------+--------+--------+--------+--------+------+------+------+------+-------+------+------+
|Module Name | DSP Mapping    | A Size | B Size | C Size | D Size | P Size | AREG | BREG | CREG | DREG | ADREG | MREG | PREG | 
+------------+----------------+--------+--------+--------+--------+--------+------+------+------+------+-------+------+------+
|vga_buffer  | C+A2*(B:0x140) | 18     | 10     | 18     | -      | 18     | 1    | 0    | 0    | -    | -     | 0    | 0    | 
+------------+----------------+--------+--------+--------+--------+--------+------+------+------+------+-------+------+------+

Note: The table above is a preliminary report that shows the DSPs inferred at the current stage of the synthesis flow. Some DSP may be reimplemented as non DSP primitives later in the synthesis flow. Multiple instantiated DSPs are reported only once.
---------------------------------------------------------------------------------
Finished ROM, RAM, DSP, Shift Register and Retiming Reporting
---------------------------------------------------------------------------------
---------------------------------------------------------------------------------
Start Applying XDC Timing Constraints
---------------------------------------------------------------------------------
---------------------------------------------------------------------------------
Finished Applying XDC Timing Constraints : Time (s): cpu = 00:00:34 ; elapsed = 00:00:45 . Memory (MB): peak = 1619.508 ; gain = 699.281
---------------------------------------------------------------------------------
---------------------------------------------------------------------------------
Start Timing Optimization
---------------------------------------------------------------------------------
---------------------------------------------------------------------------------
Finished Timing Optimization : Time (s): cpu = 00:00:35 ; elapsed = 00:00:46 . Memory (MB): peak = 1619.508 ; gain = 699.281
---------------------------------------------------------------------------------
---------------------------------------------------------------------------------
Start ROM, RAM, DSP, Shift Register and Retiming Reporting
---------------------------------------------------------------------------------

Block RAM: Final Mapping Report
+----------------+----------------------------+------------------------+---+---+------------------------+---+---+------------------+--------+--------+
|Module Name     | RTL Object                 | PORT A (Depth x Width) | W | R | PORT B (Depth x Width) | W | R | Ports driving FF | RAMB18 | RAMB36 | 
+----------------+----------------------------+------------------------+---+---+------------------------+---+---+------------------+--------+--------+
|vga_buffer_inst | dual_port_ram_inst/RAM_reg | 150 K x 8(READ_FIRST)  | W |   | 150 K x 8(WRITE_FIRST) |   | R | Port A and B     | 0      | 40     | 
+----------------+----------------------------+------------------------+---+---+------------------------+---+---+------------------+--------+--------+

---------------------------------------------------------------------------------
Finished ROM, RAM, DSP, Shift Register and Retiming Reporting
---------------------------------------------------------------------------------
---------------------------------------------------------------------------------
Start Technology Mapping
---------------------------------------------------------------------------------
INFO: [Synth 8-7052] The timing for the instance vga_buffer_inst/dual_port_ram_inst/RAM_reg_1_0 (implemented as a Block RAM) might be sub-optimal as no optional output register could be merged into the ram block. Providing additional output register may help in improving timing.
INFO: [Synth 8-7052] The timing for the instance vga_buffer_inst/dual_port_ram_inst/RAM_reg_1_1 (implemented as a Block RAM) might be sub-optimal as no optional output register could be merged into the ram block. Providing additional output register may help in improving timing.
INFO: [Synth 8-7052] The timing for the instance vga_buffer_inst/dual_port_ram_inst/RAM_reg_1_2 (implemented as a Block RAM) might be sub-optimal as no optional output register could be merged into the ram block. Providing additional output register may help in improving timing.
INFO: [Synth 8-7052] The timing for the instance vga_buffer_inst/dual_port_ram_inst/RAM_reg_1_3 (implemented as a Block RAM) might be sub-optimal as no optional output register could be merged into the ram block. Providing additional output register may help in improving timing.
INFO: [Synth 8-7052] The timing for the instance vga_buffer_inst/dual_port_ram_inst/RAM_reg_1_4 (implemented as a Block RAM) might be sub-optimal as no optional output register could be merged into the ram block. Providing additional output register may help in improving timing.
INFO: [Synth 8-7052] The timing for the instance vga_buffer_inst/dual_port_ram_inst/RAM_reg_1_5 (implemented as a Block RAM) might be sub-optimal as no optional output register could be merged into the ram block. Providing additional output register may help in improving timing.
INFO: [Synth 8-7052] The timing for the instance vga_buffer_inst/dual_port_ram_inst/RAM_reg_1_6 (implemented as a Block RAM) might be sub-optimal as no optional output register could be merged into the ram block. Providing additional output register may help in improving timing.
INFO: [Synth 8-7052] The timing for the instance vga_buffer_inst/dual_port_ram_inst/RAM_reg_1_7 (implemented as a Block RAM) might be sub-optimal as no optional output register could be merged into the ram block. Providing additional output register may help in improving timing.
INFO: [Synth 8-7052] The timing for the instance vga_buffer_inst/dual_port_ram_inst/RAM_reg_3_0 (implemented as a Block RAM) might be sub-optimal as no optional output register could be merged into the ram block. Providing additional output register may help in improving timing.
INFO: [Synth 8-7052] The timing for the instance vga_buffer_inst/dual_port_ram_inst/RAM_reg_3_1 (implemented as a Block RAM) might be sub-optimal as no optional output register could be merged into the ram block. Providing additional output register may help in improving timing.
INFO: [Synth 8-7052] The timing for the instance vga_buffer_inst/dual_port_ram_inst/RAM_reg_3_2 (implemented as a Block RAM) might be sub-optimal as no optional output register could be merged into the ram block. Providing additional output register may help in improving timing.
INFO: [Synth 8-7052] The timing for the instance vga_buffer_inst/dual_port_ram_inst/RAM_reg_3_3 (implemented as a Block RAM) might be sub-optimal as no optional output register could be merged into the ram block. Providing additional output register may help in improving timing.
INFO: [Synth 8-7052] The timing for the instance vga_buffer_inst/dual_port_ram_inst/RAM_reg_3_4 (implemented as a Block RAM) might be sub-optimal as no optional output register could be merged into the ram block. Providing additional output register may help in improving timing.
INFO: [Synth 8-7052] The timing for the instance vga_buffer_inst/dual_port_ram_inst/RAM_reg_3_5 (implemented as a Block RAM) might be sub-optimal as no optional output register could be merged into the ram block. Providing additional output register may help in improving timing.
INFO: [Synth 8-7052] The timing for the instance vga_buffer_inst/dual_port_ram_inst/RAM_reg_3_6 (implemented as a Block RAM) might be sub-optimal as no optional output register could be merged into the ram block. Providing additional output register may help in improving timing.
INFO: [Synth 8-7052] The timing for the instance vga_buffer_inst/dual_port_ram_inst/RAM_reg_3_7 (implemented as a Block RAM) might be sub-optimal as no optional output register could be merged into the ram block. Providing additional output register may help in improving timing.
INFO: [Synth 8-7052] The timing for the instance vga_buffer_inst/dual_port_ram_inst/RAM_reg_2_0__0 (implemented as a Block RAM) might be sub-optimal as no optional output register could be merged into the ram block. Providing additional output register may help in improving timing.
INFO: [Synth 8-7052] The timing for the instance vga_buffer_inst/dual_port_ram_inst/RAM_reg_2_1__0 (implemented as a Block RAM) might be sub-optimal as no optional output register could be merged into the ram block. Providing additional output register may help in improving timing.
INFO: [Synth 8-7052] The timing for the instance vga_buffer_inst/dual_port_ram_inst/RAM_reg_2_2__0 (implemented as a Block RAM) might be sub-optimal as no optional output register could be merged into the ram block. Providing additional output register may help in improving timing.
INFO: [Synth 8-7052] The timing for the instance vga_buffer_inst/dual_port_ram_inst/RAM_reg_2_3__0 (implemented as a Block RAM) might be sub-optimal as no optional output register could be merged into the ram block. Providing additional output register may help in improving timing.
INFO: [Synth 8-7052] The timing for the instance vga_buffer_inst/dual_port_ram_inst/RAM_reg_2_4__0 (implemented as a Block RAM) might be sub-optimal as no optional output register could be merged into the ram block. Providing additional output register may help in improving timing.
INFO: [Synth 8-7052] The timing for the instance vga_buffer_inst/dual_port_ram_inst/RAM_reg_2_5__0 (implemented as a Block RAM) might be sub-optimal as no optional output register could be merged into the ram block. Providing additional output register may help in improving timing.
INFO: [Synth 8-7052] The timing for the instance vga_buffer_inst/dual_port_ram_inst/RAM_reg_2_6__0 (implemented as a Block RAM) might be sub-optimal as no optional output register could be merged into the ram block. Providing additional output register may help in improving timing.
INFO: [Synth 8-7052] The timing for the instance vga_buffer_inst/dual_port_ram_inst/RAM_reg_2_7__0 (implemented as a Block RAM) might be sub-optimal as no optional output register could be merged into the ram block. Providing additional output register may help in improving timing.
---------------------------------------------------------------------------------
Finished Technology Mapping : Time (s): cpu = 00:00:35 ; elapsed = 00:00:46 . Memory (MB): peak = 1619.508 ; gain = 699.281
---------------------------------------------------------------------------------
---------------------------------------------------------------------------------
Start IO Insertion
---------------------------------------------------------------------------------
---------------------------------------------------------------------------------
Start Flattening Before IO Insertion
---------------------------------------------------------------------------------
---------------------------------------------------------------------------------
Finished Flattening Before IO Insertion
---------------------------------------------------------------------------------
---------------------------------------------------------------------------------
Start Final Netlist Cleanup
---------------------------------------------------------------------------------
---------------------------------------------------------------------------------
Finished Final Netlist Cleanup
---------------------------------------------------------------------------------
WARNING: [Synth 8-5396] Clock pin C has keep related attribute (keep/mark_debug/dont_touch) which could create extra logic on its net [C:/Users/hensl/OneDrive/Dokumente/RES/final_project_v1/final_project_v1.srcs/sources_1/new/dual_ram.vhd:29]
---------------------------------------------------------------------------------
Finished IO Insertion : Time (s): cpu = 00:00:40 ; elapsed = 00:00:52 . Memory (MB): peak = 1619.508 ; gain = 699.281
---------------------------------------------------------------------------------
---------------------------------------------------------------------------------
Start Renaming Generated Instances
---------------------------------------------------------------------------------
---------------------------------------------------------------------------------
Finished Renaming Generated Instances : Time (s): cpu = 00:00:40 ; elapsed = 00:00:52 . Memory (MB): peak = 1619.508 ; gain = 699.281
---------------------------------------------------------------------------------
---------------------------------------------------------------------------------
Start Rebuilding User Hierarchy
---------------------------------------------------------------------------------
---------------------------------------------------------------------------------
Finished Rebuilding User Hierarchy : Time (s): cpu = 00:00:40 ; elapsed = 00:00:52 . Memory (MB): peak = 1619.508 ; gain = 699.281
---------------------------------------------------------------------------------
---------------------------------------------------------------------------------
Start Renaming Generated Ports
---------------------------------------------------------------------------------
---------------------------------------------------------------------------------
Finished Renaming Generated Ports : Time (s): cpu = 00:00:40 ; elapsed = 00:00:52 . Memory (MB): peak = 1619.508 ; gain = 699.281
---------------------------------------------------------------------------------
---------------------------------------------------------------------------------
Start Handling Custom Attributes
---------------------------------------------------------------------------------
---------------------------------------------------------------------------------
Finished Handling Custom Attributes : Time (s): cpu = 00:00:40 ; elapsed = 00:00:52 . Memory (MB): peak = 1619.508 ; gain = 699.281
---------------------------------------------------------------------------------
---------------------------------------------------------------------------------
Start Renaming Generated Nets
---------------------------------------------------------------------------------
---------------------------------------------------------------------------------
Finished Renaming Generated Nets : Time (s): cpu = 00:00:40 ; elapsed = 00:00:52 . Memory (MB): peak = 1619.508 ; gain = 699.281
---------------------------------------------------------------------------------
---------------------------------------------------------------------------------
Start Writing Synthesis Report
---------------------------------------------------------------------------------

DSP Final Report (the ' indicates corresponding REG is set)
+------------+-------------+--------+--------+--------+--------+--------+------+------+------+------+-------+------+------+
|Module Name | DSP Mapping | A Size | B Size | C Size | D Size | P Size | AREG | BREG | CREG | DREG | ADREG | MREG | PREG | 
+------------+-------------+--------+--------+--------+--------+--------+------+------+------+------+-------+------+------+
|vga_buffer  | C+A'*B      | 30     | 9      | 48     | -      | 18     | 1    | 0    | 0    | -    | -     | 0    | 0    | 
+------------+-------------+--------+--------+--------+--------+--------+------+------+------+------+-------+------+------+


Report BlackBoxes: 
+------+--------------+----------+
|      |BlackBox name |Instances |
+------+--------------+----------+
|1     |clk_wiz_0     |         1|
|2     |ila_cam       |         1|
+------+--------------+----------+

Report Cell Usage: 
+------+-------------+------+
|      |Cell         |Count |
+------+-------------+------+
|1     |clk_wiz      |     1|
|2     |ila_cam_bbox |     1|
|3     |BUFG         |     5|
|4     |CARRY4       |    44|
|5     |DSP48E1      |     1|
|6     |LUT1         |    25|
|7     |LUT2         |    69|
|8     |LUT3         |    97|
|9     |LUT4         |    29|
|10    |LUT5         |    22|
|11    |LUT6         |   106|
|12    |RAMB36E1     |    40|
|15    |FDCE         |    34|
|16    |FDRE         |   150|
|17    |LD           |    65|
|18    |LDP          |     2|
|19    |IBUF         |    29|
|20    |IOBUF        |     2|
|21    |OBUF         |    21|
|22    |OBUFT        |     1|
+------+-------------+------+
---------------------------------------------------------------------------------
Finished Writing Synthesis Report : Time (s): cpu = 00:00:40 ; elapsed = 00:00:52 . Memory (MB): peak = 1619.508 ; gain = 699.281
---------------------------------------------------------------------------------
Synthesis finished with 0 errors, 0 critical warnings and 36 warnings.
Synthesis Optimization Runtime : Time (s): cpu = 00:00:29 ; elapsed = 00:00:50 . Memory (MB): peak = 1619.508 ; gain = 626.992
Synthesis Optimization Complete : Time (s): cpu = 00:00:41 ; elapsed = 00:00:53 . Memory (MB): peak = 1619.508 ; gain = 699.281
INFO: [Project 1-571] Translating synthesized netlist
Netlist sorting complete. Time (s): cpu = 00:00:00 ; elapsed = 00:00:00.017 . Memory (MB): peak = 1619.508 ; gain = 0.000
INFO: [Netlist 29-17] Analyzing 154 Unisim elements for replacement
INFO: [Netlist 29-28] Unisim Transformation completed in 0 CPU seconds
INFO: [Project 1-570] Preparing netlist for logic optimization
INFO: [Opt 31-140] Inserted 1 IBUFs to IO ports without IO buffers.
INFO: [Opt 31-138] Pushed 0 inverter(s) to 0 load pin(s).
Netlist sorting complete. Time (s): cpu = 00:00:00 ; elapsed = 00:00:00 . Memory (MB): peak = 1619.508 ; gain = 0.000
INFO: [Project 1-111] Unisim Transformation Summary:
  A total of 69 instances were transformed.
  IOBUF => IOBUF (IBUF, OBUFT): 2 instances
  LD => LDCE: 65 instances
  LDP => LDPE: 2 instances

Das System kann den angegebenen Pfad nicht finden.
Synth Design complete | Checksum: 531ef09
INFO: [Common 17-83] Releasing license: Synthesis
72 Infos, 54 Warnings, 0 Critical Warnings and 0 Errors encountered.
synth_design completed successfully
synth_design: Time (s): cpu = 00:00:46 ; elapsed = 00:01:00 . Memory (MB): peak = 1619.508 ; gain = 1091.438
Write ShapeDB Complete: Time (s): cpu = 00:00:00 ; elapsed = 00:00:00.004 . Memory (MB): peak = 1619.508 ; gain = 0.000
INFO: [Common 17-1381] The checkpoint 'C:/Users/hensl/OneDrive/Dokumente/RES/final_project_v1/final_project_v1.runs/synth_1/top_final_project.dcp' has been generated.
INFO: [runtcl-4] Executing : report_utilization -file top_final_project_utilization_synth.rpt -pb top_final_project_utilization_synth.pb
INFO: [Common 17-206] Exiting Vivado at Mon Jul 15 16:56:35 2024...
